#
# A fatal error has been detected by the Java Runtime Environment:
#
#  EXCEPTION_ACCESS_VIOLATION (0xc0000005) at pc=0x00007ff872e9ba74, pid=9708, tid=1136
#
# JRE version: Java(TM) SE Runtime Environment 18.9 (11.0.8+10) (build 11.0.8+10-LTS)
# Java VM: Java HotSpot(TM) 64-Bit Server VM 18.9 (11.0.8+10-LTS, mixed mode, tiered, compressed oops, g1 gc, windows-amd64)
# Problematic frame:
# V  [jvm.dll+0x1dba74]
#
# No core dump will be written. Minidumps are not enabled by default on client versions of Windows
#
# If you would like to submit a bug report, please visit:
#   https://bugreport.java.com/bugreport/crash.jsp
#

---------------  S U M M A R Y ------------

Command Line: -javaagent:C:\Program Files\JetBrains\IntelliJ IDEA Community Edition 2020.2.2\lib\idea_rt.jar=52880:C:\Program Files\JetBrains\IntelliJ IDEA Community Edition 2020.2.2\bin -Dfile.encoding=UTF-8 study.querydsl.QuerydslApplication

Host: Intel(R) Core(TM) i5-9400F CPU @ 2.90GHz, 6 cores, 15G,  Windows 10 , 64 bit Build 18362 (10.0.18362.1110)
Time: Fri Oct 16 19:36:18 2020 ¢¥eCN©öI¡¾©ö C¡ÍA¨ª¨öA elapsed time: 416 seconds (0d 0h 6m 56s)

---------------  T H R E A D  ---------------

Current thread (0x000001947f9bc800):  JavaThread "Sweeper thread" daemon [_thread_in_vm, id=1136, stack(0x00000091b0c00000,0x00000091b0d00000)]

Stack: [0x00000091b0c00000,0x00000091b0d00000],  sp=0x00000091b0cff5d0,  free space=1021k
Native frames: (J=compiled Java code, j=interpreted, Vv=VM code, C=native code)
V  [jvm.dll+0x1dba74]
V  [jvm.dll+0x6c98ff]
V  [jvm.dll+0x6c9301]
V  [jvm.dll+0x6c9e74]
V  [jvm.dll+0x6ff90c]
V  [jvm.dll+0x6f845c]
V  [jvm.dll+0x600d66]
C  [ucrtbase.dll+0x210b2]
C  [KERNEL32.DLL+0x17c24]
C  [ntdll.dll+0x6cea1]


siginfo: EXCEPTION_ACCESS_VIOLATION (0xc0000005), reading address 0x000000000000005f


Register to memory mapping:

RIP=0x00007ff872e9ba74 jvm.dll
RAX=0xffffffffffffffff is an unknown value
RBX=0x00007ff8736f2b98 jvm.dll
RCX=
[error occurred during error reporting (printing register info), id 0xc0000005, EXCEPTION_ACCESS_VIOLATION (0xc0000005) at pc=0x00007ff872e961eb]

Registers:
RAX=0xffffffffffffffff, RBX=0x00007ff8736f2b98, RCX=0x0000019407b2e390, RDX=0x0000019407b2e380
RSP=0x00000091b0cff5d0, RBP=0x00000091b0cff700, RSI=0x000001946cb62920, RDI=0x000001946cb740d0
R8 =0x0000019407b2e390, R9 =0x0000019407ac0000, R10=0x00000000000045b3, R11=0x0000000000000000
R12=0x0000000000000000, R13=0x00000000000001b8, R14=0x0000000000000001, R15=0x0000019407b2db90
RIP=0x00007ff872e9ba74, EFLAGS=0x0000000000010206

Top of Stack: (sp=0x00000091b0cff5d0)
0x00000091b0cff5d0:   000001947f9afbe0 000001947f9bc800
0x00000091b0cff5e0:   0000019407b2d890 0000000000000001
0x00000091b0cff5f0:   0000000000000140 00007ff8733898ff
0x00000091b0cff600:   0000000000000000 00000091b0cff700
0x00000091b0cff610:   000001946cb62920 000000007ffeb000
0x00000091b0cff620:   000000006c9102f0 0000000000000000
0x00000091b0cff630:   0000019400000000 000001946c910cc0
0x00000091b0cff640:   00000000000084c3 0000000000969959
0x00000091b0cff650:   000001947f0992b8 000001946cb62920
0x00000091b0cff660:   000001947f070cb0 000001947f9afbe0
0x00000091b0cff670:   00000000000003d8 000001947f9afbf0
0x00000091b0cff680:   000001947f9affc8 00007ff8c6cfb9a7
0x00000091b0cff690:   000001946c910000 0000000000000000
0x00000091b0cff6a0:   0000000000000138 0000000000000000
0x00000091b0cff6b0:   00000000f80f7f5e 000001195f18a8ab
0x00000091b0cff6c0:   00000000de108a4f 000000fbe1e1fd94 

Instructions: (pc=0x00007ff872e9ba74)
0x00007ff872e9ba54:   48 83 c4 20 5f c3 48 8b 07 48 8b cf 48 8b 13 ff
0x00007ff872e9ba64:   50 18 48 89 03 48 8b c8 48 85 c0 74 21 48 8b 01
0x00007ff872e9ba74:   ff 50 60 84 c0 75 17 48 8b 07 48 8b cf 48 8b 13
0x00007ff872e9ba84:   ff 50 18 48 89 03 48 8b c8 48 85 c0 75 df 48 83 


Stack slot to memory mapping:
stack at sp + 0 slots: 0x000001947f9afbe0 points into unknown readable memory: 00 00 00 00 00 00 00 00
stack at sp + 1 slots: 0x000001947f9bc800 is a thread
stack at sp + 2 slots: 0x0000019407b2d890 is at entry_point+-400 in (nmethod*)0x0000019407b2d890
stack at sp + 3 slots: 0x0000000000000001 is an unknown value
stack at sp + 4 slots: 0x0000000000000140 is an unknown value
stack at sp + 5 slots: 0x00007ff8733898ff jvm.dll
stack at sp + 6 slots: 0x0 is NULL
stack at sp + 7 slots: 0x00000091b0cff700 is pointing into the stack for thread: 0x000001947f9bc800


---------------  P R O C E S S  ---------------

Threads class SMR info:
_java_thread_list=0x00000194198ae1e0, length=27, elements={
0x000001947f09d800, 0x000001947f093800, 0x000001947f99c800, 0x000001947f99d800,
0x000001947f9a1800, 0x000001947f9ae800, 0x000001947f9bc800, 0x000001947fb30800,
0x000001947fb32800, 0x000001947fb2f000, 0x000001947fb2e800, 0x000001947fb2c800,
0x000001947fb30000, 0x0000019419078800, 0x000001941907b000, 0x000001941907b800,
0x000001941907e000, 0x000001941907c800, 0x000001941907d000, 0x000001941907f000,
0x0000019419079000, 0x000001941907f800, 0x000001941907a000, 0x0000019419083000,
0x0000019419083800, 0x0000019419081800, 0x0000019419084800
}

Java Threads: ( => current thread )
  0x000001947f09d800 JavaThread "Reference Handler" daemon [_thread_blocked, id=7892, stack(0x00000091b0600000,0x00000091b0700000)]
  0x000001947f093800 JavaThread "Finalizer" daemon [_thread_blocked, id=9844, stack(0x00000091b0700000,0x00000091b0800000)]
  0x000001947f99c800 JavaThread "Signal Dispatcher" daemon [_thread_blocked, id=16064, stack(0x00000091b0800000,0x00000091b0900000)]
  0x000001947f99d800 JavaThread "Attach Listener" daemon [_thread_blocked, id=7884, stack(0x00000091b0900000,0x00000091b0a00000)]
  0x000001947f9a1800 JavaThread "C2 CompilerThread0" daemon [_thread_blocked, id=3772, stack(0x00000091b0a00000,0x00000091b0b00000)]
  0x000001947f9ae800 JavaThread "C1 CompilerThread0" daemon [_thread_blocked, id=844, stack(0x00000091b0b00000,0x00000091b0c00000)]
=>0x000001947f9bc800 JavaThread "Sweeper thread" daemon [_thread_in_vm, id=1136, stack(0x00000091b0c00000,0x00000091b0d00000)]
  0x000001947fb30800 JavaThread "Common-Cleaner" daemon [_thread_blocked, id=16504, stack(0x00000091b0d00000,0x00000091b0e00000)]
  0x000001947fb32800 JavaThread "Service Thread" daemon [_thread_blocked, id=2380, stack(0x00000091b1000000,0x00000091b1100000)]
  0x000001947fb2f000 JavaThread "Catalina-utility-1" [_thread_blocked, id=8216, stack(0x00000091b1700000,0x00000091b1800000)]
  0x000001947fb2e800 JavaThread "Catalina-utility-2" [_thread_blocked, id=3232, stack(0x00000091b1900000,0x00000091b1a00000)]
  0x000001947fb2c800 JavaThread "container-0" [_thread_blocked, id=10588, stack(0x00000091b1a00000,0x00000091b1b00000)]
  0x000001947fb30000 JavaThread "HikariPool-1 housekeeper" daemon [_thread_blocked, id=3236, stack(0x00000091b1b00000,0x00000091b1c00000)]
  0x0000019419078800 JavaThread "http-nio-8080-BlockPoller" daemon [_thread_in_native, id=10468, stack(0x00000091b1e00000,0x00000091b1f00000)]
  0x000001941907b000 JavaThread "http-nio-8080-exec-1" daemon [_thread_blocked, id=560, stack(0x00000091b1f00000,0x00000091b2000000)]
  0x000001941907b800 JavaThread "http-nio-8080-exec-2" daemon [_thread_blocked, id=2516, stack(0x00000091b2000000,0x00000091b2100000)]
  0x000001941907e000 JavaThread "http-nio-8080-exec-3" daemon [_thread_blocked, id=8624, stack(0x00000091b2100000,0x00000091b2200000)]
  0x000001941907c800 JavaThread "http-nio-8080-exec-4" daemon [_thread_blocked, id=1540, stack(0x00000091b2200000,0x00000091b2300000)]
  0x000001941907d000 JavaThread "http-nio-8080-exec-5" daemon [_thread_blocked, id=9272, stack(0x00000091b2300000,0x00000091b2400000)]
  0x000001941907f000 JavaThread "http-nio-8080-exec-6" daemon [_thread_blocked, id=12836, stack(0x00000091b2400000,0x00000091b2500000)]
  0x0000019419079000 JavaThread "http-nio-8080-exec-7" daemon [_thread_blocked, id=11468, stack(0x00000091b2500000,0x00000091b2600000)]
  0x000001941907f800 JavaThread "http-nio-8080-exec-8" daemon [_thread_blocked, id=12320, stack(0x00000091b2600000,0x00000091b2700000)]
  0x000001941907a000 JavaThread "http-nio-8080-exec-9" daemon [_thread_blocked, id=11896, stack(0x00000091b2700000,0x00000091b2800000)]
  0x0000019419083000 JavaThread "http-nio-8080-exec-10" daemon [_thread_blocked, id=15504, stack(0x00000091b2800000,0x00000091b2900000)]
  0x0000019419083800 JavaThread "http-nio-8080-ClientPoller" daemon [_thread_in_native, id=1768, stack(0x00000091b2900000,0x00000091b2a00000)]
  0x0000019419081800 JavaThread "http-nio-8080-Acceptor" daemon [_thread_in_native, id=11572, stack(0x00000091b2a00000,0x00000091b2b00000)]
  0x0000019419084800 JavaThread "DestroyJavaVM" [_thread_blocked, id=8968, stack(0x00000091aff00000,0x00000091b0000000)]

Other Threads:
  0x000001947f089000 VMThread "VM Thread" [stack: 0x00000091b0500000,0x00000091b0600000] [id=8868]
  0x000001941300f000 WatcherThread [stack: 0x00000091b1100000,0x00000091b1200000] [id=16896]
  0x000001946cb7d800 GCTaskThread "GC Thread#0" [stack: 0x00000091b0000000,0x00000091b0100000] [id=9616]
  0x0000019413905800 GCTaskThread "GC Thread#1" [stack: 0x00000091b1200000,0x00000091b1300000] [id=10796]
  0x0000019413999800 GCTaskThread "GC Thread#2" [stack: 0x00000091b1300000,0x00000091b1400000] [id=388]
  0x000001941399a000 GCTaskThread "GC Thread#3" [stack: 0x00000091b1400000,0x00000091b1500000] [id=11008]
  0x0000019413aab800 GCTaskThread "GC Thread#4" [stack: 0x00000091b1500000,0x00000091b1600000] [id=2728]
  0x0000019413aac000 GCTaskThread "GC Thread#5" [stack: 0x00000091b1600000,0x00000091b1700000] [id=17372]
  0x000001946cbda000 ConcurrentGCThread "G1 Main Marker" [stack: 0x00000091b0100000,0x00000091b0200000] [id=8476]
  0x000001946cbdb800 ConcurrentGCThread "G1 Conc#0" [stack: 0x00000091b0200000,0x00000091b0300000] [id=5936]
  0x0000019413e90800 ConcurrentGCThread "G1 Conc#1" [stack: 0x00000091b1800000,0x00000091b1900000] [id=16360]
  0x000001947ef70800 ConcurrentGCThread "G1 Refine#0" [stack: 0x00000091b0300000,0x00000091b0400000] [id=8260]
  0x000001947ef73800 ConcurrentGCThread "G1 Young RemSet Sampling" [stack: 0x00000091b0400000,0x00000091b0500000] [id=6896]

Threads with active compile tasks:

VM state:not at safepoint (normal execution)

VM Mutex/Monitor currently owned by a thread:  ([mutex/lock_event])
[0x000001946cb62920] CodeCache_lock - owner thread: 0x000001947f9bc800

Heap address: 0x0000000701000000, size: 4080 MB, Compressed Oops mode: Zero based, Oop shift amount: 3
Narrow klass base: 0x0000000800000000, Narrow klass shift: 0
Compressed class space size: 1073741824 Address: 0x0000000800000000

Heap:
 garbage-first heap   total 262144K, used 127646K [0x0000000701000000, 0x0000000800000000)
  region size 1024K, 120 young (122880K), 8 survivors (8192K)
 Metaspace       used 54696K, capacity 55768K, committed 55888K, reserved 1097728K
  class space    used 6607K, capacity 7045K, committed 7116K, reserved 1048576K
Heap Regions: E=young(eden), S=young(survivor), O=old, HS=humongous(starts), HC=humongous(continues), CS=collection set, F=free, A=archive, TAMS=top-at-mark-start (previous, next)
|   0|0x0000000701000000, 0x0000000701100000, 0x0000000701100000|100%|HS|  |TAMS 0x0000000701100000, 0x0000000701000000| Complete 
|   1|0x0000000701100000, 0x0000000701200000, 0x0000000701200000|100%| O|  |TAMS 0x0000000701200000, 0x0000000701100000| Untracked 
|   2|0x0000000701200000, 0x0000000701300000, 0x0000000701300000|100%| O|  |TAMS 0x0000000701300000, 0x0000000701200000| Untracked 
|   3|0x0000000701300000, 0x0000000701400000, 0x0000000701400000|100%| O|  |TAMS 0x0000000701400000, 0x0000000701300000| Untracked 
|   4|0x0000000701400000, 0x0000000701500000, 0x0000000701500000|100%| O|  |TAMS 0x0000000701500000, 0x0000000701400000| Untracked 
|   5|0x0000000701500000, 0x0000000701600000, 0x0000000701600000|100%| O|  |TAMS 0x0000000701600000, 0x0000000701500000| Untracked 
|   6|0x0000000701600000, 0x0000000701628c00, 0x0000000701700000| 15%| O|  |TAMS 0x0000000701628c00, 0x0000000701600000| Untracked 
|   7|0x0000000701700000, 0x0000000701700000, 0x0000000701800000|  0%| F|  |TAMS 0x0000000701700000, 0x0000000701700000| Untracked 
|   8|0x0000000701800000, 0x0000000701800000, 0x0000000701900000|  0%| F|  |TAMS 0x0000000701800000, 0x0000000701800000| Untracked 
|   9|0x0000000701900000, 0x0000000701900000, 0x0000000701a00000|  0%| F|  |TAMS 0x0000000701900000, 0x0000000701900000| Untracked 
|  10|0x0000000701a00000, 0x0000000701a00000, 0x0000000701b00000|  0%| F|  |TAMS 0x0000000701a00000, 0x0000000701a00000| Untracked 
|  11|0x0000000701b00000, 0x0000000701b00000, 0x0000000701c00000|  0%| F|  |TAMS 0x0000000701b00000, 0x0000000701b00000| Untracked 
|  12|0x0000000701c00000, 0x0000000701c00000, 0x0000000701d00000|  0%| F|  |TAMS 0x0000000701c00000, 0x0000000701c00000| Untracked 
|  13|0x0000000701d00000, 0x0000000701d00000, 0x0000000701e00000|  0%| F|  |TAMS 0x0000000701d00000, 0x0000000701d00000| Untracked 
|  14|0x0000000701e00000, 0x0000000701e00000, 0x0000000701f00000|  0%| F|  |TAMS 0x0000000701e00000, 0x0000000701e00000| Untracked 
|  15|0x0000000701f00000, 0x0000000701f00000, 0x0000000702000000|  0%| F|  |TAMS 0x0000000701f00000, 0x0000000701f00000| Untracked 
|  16|0x0000000702000000, 0x0000000702000000, 0x0000000702100000|  0%| F|  |TAMS 0x0000000702000000, 0x0000000702000000| Untracked 
|  17|0x0000000702100000, 0x0000000702100000, 0x0000000702200000|  0%| F|  |TAMS 0x0000000702100000, 0x0000000702100000| Untracked 
|  18|0x0000000702200000, 0x0000000702200000, 0x0000000702300000|  0%| F|  |TAMS 0x0000000702200000, 0x0000000702200000| Untracked 
|  19|0x0000000702300000, 0x0000000702300000, 0x0000000702400000|  0%| F|  |TAMS 0x0000000702300000, 0x0000000702300000| Untracked 
|  20|0x0000000702400000, 0x0000000702400000, 0x0000000702500000|  0%| F|  |TAMS 0x0000000702400000, 0x0000000702400000| Untracked 
|  21|0x0000000702500000, 0x0000000702500000, 0x0000000702600000|  0%| F|  |TAMS 0x0000000702500000, 0x0000000702500000| Untracked 
|  22|0x0000000702600000, 0x0000000702600000, 0x0000000702700000|  0%| F|  |TAMS 0x0000000702600000, 0x0000000702600000| Untracked 
|  23|0x0000000702700000, 0x0000000702700000, 0x0000000702800000|  0%| F|  |TAMS 0x0000000702700000, 0x0000000702700000| Untracked 
|  24|0x0000000702800000, 0x0000000702800000, 0x0000000702900000|  0%| F|  |TAMS 0x0000000702800000, 0x0000000702800000| Untracked 
|  25|0x0000000702900000, 0x0000000702900000, 0x0000000702a00000|  0%| F|  |TAMS 0x0000000702900000, 0x0000000702900000| Untracked 
|  26|0x0000000702a00000, 0x0000000702a00000, 0x0000000702b00000|  0%| F|  |TAMS 0x0000000702a00000, 0x0000000702a00000| Untracked 
|  27|0x0000000702b00000, 0x0000000702b00000, 0x0000000702c00000|  0%| F|  |TAMS 0x0000000702b00000, 0x0000000702b00000| Untracked 
|  28|0x0000000702c00000, 0x0000000702c00000, 0x0000000702d00000|  0%| F|  |TAMS 0x0000000702c00000, 0x0000000702c00000| Untracked 
|  29|0x0000000702d00000, 0x0000000702d00000, 0x0000000702e00000|  0%| F|  |TAMS 0x0000000702d00000, 0x0000000702d00000| Untracked 
|  30|0x0000000702e00000, 0x0000000702e00000, 0x0000000702f00000|  0%| F|  |TAMS 0x0000000702e00000, 0x0000000702e00000| Untracked 
|  31|0x0000000702f00000, 0x0000000702f00000, 0x0000000703000000|  0%| F|  |TAMS 0x0000000702f00000, 0x0000000702f00000| Untracked 
|  32|0x0000000703000000, 0x0000000703000000, 0x0000000703100000|  0%| F|  |TAMS 0x0000000703000000, 0x0000000703000000| Untracked 
|  33|0x0000000703100000, 0x0000000703100000, 0x0000000703200000|  0%| F|  |TAMS 0x0000000703100000, 0x0000000703100000| Untracked 
|  34|0x0000000703200000, 0x0000000703200000, 0x0000000703300000|  0%| F|  |TAMS 0x0000000703200000, 0x0000000703200000| Untracked 
|  35|0x0000000703300000, 0x0000000703300000, 0x0000000703400000|  0%| F|  |TAMS 0x0000000703300000, 0x0000000703300000| Untracked 
|  36|0x0000000703400000, 0x0000000703400000, 0x0000000703500000|  0%| F|  |TAMS 0x0000000703400000, 0x0000000703400000| Untracked 
|  37|0x0000000703500000, 0x0000000703500000, 0x0000000703600000|  0%| F|  |TAMS 0x0000000703500000, 0x0000000703500000| Untracked 
|  38|0x0000000703600000, 0x0000000703600000, 0x0000000703700000|  0%| F|  |TAMS 0x0000000703600000, 0x0000000703600000| Untracked 
|  39|0x0000000703700000, 0x0000000703700000, 0x0000000703800000|  0%| F|  |TAMS 0x0000000703700000, 0x0000000703700000| Untracked 
|  40|0x0000000703800000, 0x0000000703800000, 0x0000000703900000|  0%| F|  |TAMS 0x0000000703800000, 0x0000000703800000| Untracked 
|  41|0x0000000703900000, 0x0000000703900000, 0x0000000703a00000|  0%| F|  |TAMS 0x0000000703900000, 0x0000000703900000| Untracked 
|  42|0x0000000703a00000, 0x0000000703a00000, 0x0000000703b00000|  0%| F|  |TAMS 0x0000000703a00000, 0x0000000703a00000| Untracked 
|  43|0x0000000703b00000, 0x0000000703b00000, 0x0000000703c00000|  0%| F|  |TAMS 0x0000000703b00000, 0x0000000703b00000| Untracked 
|  44|0x0000000703c00000, 0x0000000703c00000, 0x0000000703d00000|  0%| F|  |TAMS 0x0000000703c00000, 0x0000000703c00000| Untracked 
|  45|0x0000000703d00000, 0x0000000703d00000, 0x0000000703e00000|  0%| F|  |TAMS 0x0000000703d00000, 0x0000000703d00000| Untracked 
|  46|0x0000000703e00000, 0x0000000703e00000, 0x0000000703f00000|  0%| F|  |TAMS 0x0000000703e00000, 0x0000000703e00000| Untracked 
|  47|0x0000000703f00000, 0x0000000703f00000, 0x0000000704000000|  0%| F|  |TAMS 0x0000000703f00000, 0x0000000703f00000| Untracked 
|  48|0x0000000704000000, 0x0000000704000000, 0x0000000704100000|  0%| F|  |TAMS 0x0000000704000000, 0x0000000704000000| Untracked 
|  49|0x0000000704100000, 0x0000000704100000, 0x0000000704200000|  0%| F|  |TAMS 0x0000000704100000, 0x0000000704100000| Untracked 
|  50|0x0000000704200000, 0x0000000704200000, 0x0000000704300000|  0%| F|  |TAMS 0x0000000704200000, 0x0000000704200000| Untracked 
|  51|0x0000000704300000, 0x0000000704300000, 0x0000000704400000|  0%| F|  |TAMS 0x0000000704300000, 0x0000000704300000| Untracked 
|  52|0x0000000704400000, 0x0000000704400000, 0x0000000704500000|  0%| F|  |TAMS 0x0000000704400000, 0x0000000704400000| Untracked 
|  53|0x0000000704500000, 0x0000000704500000, 0x0000000704600000|  0%| F|  |TAMS 0x0000000704500000, 0x0000000704500000| Untracked 
|  54|0x0000000704600000, 0x0000000704600000, 0x0000000704700000|  0%| F|  |TAMS 0x0000000704600000, 0x0000000704600000| Untracked 
|  55|0x0000000704700000, 0x0000000704700000, 0x0000000704800000|  0%| F|  |TAMS 0x0000000704700000, 0x0000000704700000| Untracked 
|  56|0x0000000704800000, 0x0000000704800000, 0x0000000704900000|  0%| F|  |TAMS 0x0000000704800000, 0x0000000704800000| Untracked 
|  57|0x0000000704900000, 0x0000000704900000, 0x0000000704a00000|  0%| F|  |TAMS 0x0000000704900000, 0x0000000704900000| Untracked 
|  58|0x0000000704a00000, 0x0000000704a00000, 0x0000000704b00000|  0%| F|  |TAMS 0x0000000704a00000, 0x0000000704a00000| Untracked 
|  59|0x0000000704b00000, 0x0000000704b00000, 0x0000000704c00000|  0%| F|  |TAMS 0x0000000704b00000, 0x0000000704b00000| Untracked 
|  60|0x0000000704c00000, 0x0000000704c00000, 0x0000000704d00000|  0%| F|  |TAMS 0x0000000704c00000, 0x0000000704c00000| Untracked 
|  61|0x0000000704d00000, 0x0000000704d00000, 0x0000000704e00000|  0%| F|  |TAMS 0x0000000704d00000, 0x0000000704d00000| Untracked 
|  62|0x0000000704e00000, 0x0000000704e00000, 0x0000000704f00000|  0%| F|  |TAMS 0x0000000704e00000, 0x0000000704e00000| Untracked 
|  63|0x0000000704f00000, 0x0000000704f00000, 0x0000000705000000|  0%| F|  |TAMS 0x0000000704f00000, 0x0000000704f00000| Untracked 
|  64|0x0000000705000000, 0x0000000705000000, 0x0000000705100000|  0%| F|  |TAMS 0x0000000705000000, 0x0000000705000000| Untracked 
|  65|0x0000000705100000, 0x0000000705100000, 0x0000000705200000|  0%| F|  |TAMS 0x0000000705100000, 0x0000000705100000| Untracked 
|  66|0x0000000705200000, 0x0000000705200000, 0x0000000705300000|  0%| F|  |TAMS 0x0000000705200000, 0x0000000705200000| Untracked 
|  67|0x0000000705300000, 0x0000000705300000, 0x0000000705400000|  0%| F|  |TAMS 0x0000000705300000, 0x0000000705300000| Untracked 
|  68|0x0000000705400000, 0x0000000705400000, 0x0000000705500000|  0%| F|  |TAMS 0x0000000705400000, 0x0000000705400000| Untracked 
|  69|0x0000000705500000, 0x0000000705500000, 0x0000000705600000|  0%| F|  |TAMS 0x0000000705500000, 0x0000000705500000| Untracked 
|  70|0x0000000705600000, 0x0000000705600000, 0x0000000705700000|  0%| F|  |TAMS 0x0000000705600000, 0x0000000705600000| Untracked 
|  71|0x0000000705700000, 0x0000000705700000, 0x0000000705800000|  0%| F|  |TAMS 0x0000000705700000, 0x0000000705700000| Untracked 
|  72|0x0000000705800000, 0x0000000705800000, 0x0000000705900000|  0%| F|  |TAMS 0x0000000705800000, 0x0000000705800000| Untracked 
|  73|0x0000000705900000, 0x0000000705900000, 0x0000000705a00000|  0%| F|  |TAMS 0x0000000705900000, 0x0000000705900000| Untracked 
|  74|0x0000000705a00000, 0x0000000705a00000, 0x0000000705b00000|  0%| F|  |TAMS 0x0000000705a00000, 0x0000000705a00000| Untracked 
|  75|0x0000000705b00000, 0x0000000705b00000, 0x0000000705c00000|  0%| F|  |TAMS 0x0000000705b00000, 0x0000000705b00000| Untracked 
|  76|0x0000000705c00000, 0x0000000705c00000, 0x0000000705d00000|  0%| F|  |TAMS 0x0000000705c00000, 0x0000000705c00000| Untracked 
|  77|0x0000000705d00000, 0x0000000705d00000, 0x0000000705e00000|  0%| F|  |TAMS 0x0000000705d00000, 0x0000000705d00000| Untracked 
|  78|0x0000000705e00000, 0x0000000705e00000, 0x0000000705f00000|  0%| F|  |TAMS 0x0000000705e00000, 0x0000000705e00000| Untracked 
|  79|0x0000000705f00000, 0x0000000705f00000, 0x0000000706000000|  0%| F|  |TAMS 0x0000000705f00000, 0x0000000705f00000| Untracked 
|  80|0x0000000706000000, 0x0000000706000000, 0x0000000706100000|  0%| F|  |TAMS 0x0000000706000000, 0x0000000706000000| Untracked 
|  81|0x0000000706100000, 0x0000000706100000, 0x0000000706200000|  0%| F|  |TAMS 0x0000000706100000, 0x0000000706100000| Untracked 
|  82|0x0000000706200000, 0x0000000706200000, 0x0000000706300000|  0%| F|  |TAMS 0x0000000706200000, 0x0000000706200000| Untracked 
|  83|0x0000000706300000, 0x0000000706300000, 0x0000000706400000|  0%| F|  |TAMS 0x0000000706300000, 0x0000000706300000| Untracked 
|  84|0x0000000706400000, 0x0000000706400000, 0x0000000706500000|  0%| F|  |TAMS 0x0000000706400000, 0x0000000706400000| Untracked 
|  85|0x0000000706500000, 0x0000000706500000, 0x0000000706600000|  0%| F|  |TAMS 0x0000000706500000, 0x0000000706500000| Untracked 
|  86|0x0000000706600000, 0x0000000706600000, 0x0000000706700000|  0%| F|  |TAMS 0x0000000706600000, 0x0000000706600000| Untracked 
|  87|0x0000000706700000, 0x0000000706700000, 0x0000000706800000|  0%| F|  |TAMS 0x0000000706700000, 0x0000000706700000| Untracked 
|  88|0x0000000706800000, 0x0000000706800000, 0x0000000706900000|  0%| F|  |TAMS 0x0000000706800000, 0x0000000706800000| Untracked 
|  89|0x0000000706900000, 0x0000000706900000, 0x0000000706a00000|  0%| F|  |TAMS 0x0000000706900000, 0x0000000706900000| Untracked 
|  90|0x0000000706a00000, 0x0000000706a00000, 0x0000000706b00000|  0%| F|  |TAMS 0x0000000706a00000, 0x0000000706a00000| Untracked 
|  91|0x0000000706b00000, 0x0000000706b00000, 0x0000000706c00000|  0%| F|  |TAMS 0x0000000706b00000, 0x0000000706b00000| Untracked 
|  92|0x0000000706c00000, 0x0000000706c00000, 0x0000000706d00000|  0%| F|  |TAMS 0x0000000706c00000, 0x0000000706c00000| Untracked 
|  93|0x0000000706d00000, 0x0000000706d00000, 0x0000000706e00000|  0%| F|  |TAMS 0x0000000706d00000, 0x0000000706d00000| Untracked 
|  94|0x0000000706e00000, 0x0000000706e00000, 0x0000000706f00000|  0%| F|  |TAMS 0x0000000706e00000, 0x0000000706e00000| Untracked 
|  95|0x0000000706f00000, 0x0000000706f00000, 0x0000000707000000|  0%| F|  |TAMS 0x0000000706f00000, 0x0000000706f00000| Untracked 
|  96|0x0000000707000000, 0x0000000707000000, 0x0000000707100000|  0%| F|  |TAMS 0x0000000707000000, 0x0000000707000000| Untracked 
|  97|0x0000000707100000, 0x0000000707100000, 0x0000000707200000|  0%| F|  |TAMS 0x0000000707100000, 0x0000000707100000| Untracked 
|  98|0x0000000707200000, 0x0000000707200000, 0x0000000707300000|  0%| F|  |TAMS 0x0000000707200000, 0x0000000707200000| Untracked 
|  99|0x0000000707300000, 0x0000000707300000, 0x0000000707400000|  0%| F|  |TAMS 0x0000000707300000, 0x0000000707300000| Untracked 
| 100|0x0000000707400000, 0x0000000707400000, 0x0000000707500000|  0%| F|  |TAMS 0x0000000707400000, 0x0000000707400000| Untracked 
| 101|0x0000000707500000, 0x0000000707500000, 0x0000000707600000|  0%| F|  |TAMS 0x0000000707500000, 0x0000000707500000| Untracked 
| 102|0x0000000707600000, 0x0000000707600000, 0x0000000707700000|  0%| F|  |TAMS 0x0000000707600000, 0x0000000707600000| Untracked 
| 103|0x0000000707700000, 0x0000000707700000, 0x0000000707800000|  0%| F|  |TAMS 0x0000000707700000, 0x0000000707700000| Untracked 
| 104|0x0000000707800000, 0x0000000707800000, 0x0000000707900000|  0%| F|  |TAMS 0x0000000707800000, 0x0000000707800000| Untracked 
| 105|0x0000000707900000, 0x0000000707900000, 0x0000000707a00000|  0%| F|  |TAMS 0x0000000707900000, 0x0000000707900000| Untracked 
| 106|0x0000000707a00000, 0x0000000707a00000, 0x0000000707b00000|  0%| F|  |TAMS 0x0000000707a00000, 0x0000000707a00000| Untracked 
| 107|0x0000000707b00000, 0x0000000707b00000, 0x0000000707c00000|  0%| F|  |TAMS 0x0000000707b00000, 0x0000000707b00000| Untracked 
| 108|0x0000000707c00000, 0x0000000707c00000, 0x0000000707d00000|  0%| F|  |TAMS 0x0000000707c00000, 0x0000000707c00000| Untracked 
| 109|0x0000000707d00000, 0x0000000707d00000, 0x0000000707e00000|  0%| F|  |TAMS 0x0000000707d00000, 0x0000000707d00000| Untracked 
| 110|0x0000000707e00000, 0x0000000707e00000, 0x0000000707f00000|  0%| F|  |TAMS 0x0000000707e00000, 0x0000000707e00000| Untracked 
| 111|0x0000000707f00000, 0x0000000707f00000, 0x0000000708000000|  0%| F|  |TAMS 0x0000000707f00000, 0x0000000707f00000| Untracked 
| 112|0x0000000708000000, 0x0000000708000000, 0x0000000708100000|  0%| F|  |TAMS 0x0000000708000000, 0x0000000708000000| Untracked 
| 113|0x0000000708100000, 0x0000000708100000, 0x0000000708200000|  0%| F|  |TAMS 0x0000000708100000, 0x0000000708100000| Untracked 
| 114|0x0000000708200000, 0x0000000708200000, 0x0000000708300000|  0%| F|  |TAMS 0x0000000708200000, 0x0000000708200000| Untracked 
| 115|0x0000000708300000, 0x0000000708300000, 0x0000000708400000|  0%| F|  |TAMS 0x0000000708300000, 0x0000000708300000| Untracked 
| 116|0x0000000708400000, 0x0000000708400000, 0x0000000708500000|  0%| F|  |TAMS 0x0000000708400000, 0x0000000708400000| Untracked 
| 117|0x0000000708500000, 0x0000000708500000, 0x0000000708600000|  0%| F|  |TAMS 0x0000000708500000, 0x0000000708500000| Untracked 
| 118|0x0000000708600000, 0x0000000708600000, 0x0000000708700000|  0%| F|  |TAMS 0x0000000708600000, 0x0000000708600000| Untracked 
| 119|0x0000000708700000, 0x0000000708700000, 0x0000000708800000|  0%| F|  |TAMS 0x0000000708700000, 0x0000000708700000| Untracked 
| 120|0x0000000708800000, 0x0000000708800000, 0x0000000708900000|  0%| F|  |TAMS 0x0000000708800000, 0x0000000708800000| Untracked 
| 121|0x0000000708900000, 0x0000000708900000, 0x0000000708a00000|  0%| F|  |TAMS 0x0000000708900000, 0x0000000708900000| Untracked 
| 122|0x0000000708a00000, 0x0000000708a00000, 0x0000000708b00000|  0%| F|  |TAMS 0x0000000708a00000, 0x0000000708a00000| Untracked 
| 123|0x0000000708b00000, 0x0000000708b00000, 0x0000000708c00000|  0%| F|  |TAMS 0x0000000708b00000, 0x0000000708b00000| Untracked 
| 124|0x0000000708c00000, 0x0000000708c00000, 0x0000000708d00000|  0%| F|  |TAMS 0x0000000708c00000, 0x0000000708c00000| Untracked 
| 125|0x0000000708d00000, 0x0000000708d00000, 0x0000000708e00000|  0%| F|  |TAMS 0x0000000708d00000, 0x0000000708d00000| Untracked 
| 126|0x0000000708e00000, 0x0000000708e00000, 0x0000000708f00000|  0%| F|  |TAMS 0x0000000708e00000, 0x0000000708e00000| Untracked 
| 127|0x0000000708f00000, 0x0000000708f00000, 0x0000000709000000|  0%| F|  |TAMS 0x0000000708f00000, 0x0000000708f00000| Untracked 
| 128|0x0000000709000000, 0x0000000709000000, 0x0000000709100000|  0%| F|  |TAMS 0x0000000709000000, 0x0000000709000000| Untracked 
| 129|0x0000000709100000, 0x0000000709100000, 0x0000000709200000|  0%| F|  |TAMS 0x0000000709100000, 0x0000000709100000| Untracked 
| 130|0x0000000709200000, 0x0000000709200000, 0x0000000709300000|  0%| F|  |TAMS 0x0000000709200000, 0x0000000709200000| Untracked 
| 131|0x0000000709300000, 0x0000000709300000, 0x0000000709400000|  0%| F|  |TAMS 0x0000000709300000, 0x0000000709300000| Untracked 
| 132|0x0000000709400000, 0x0000000709400000, 0x0000000709500000|  0%| F|  |TAMS 0x0000000709400000, 0x0000000709400000| Untracked 
| 133|0x0000000709500000, 0x0000000709500000, 0x0000000709600000|  0%| F|  |TAMS 0x0000000709500000, 0x0000000709500000| Untracked 
| 134|0x0000000709600000, 0x0000000709600000, 0x0000000709700000|  0%| F|  |TAMS 0x0000000709600000, 0x0000000709600000| Untracked 
| 135|0x0000000709700000, 0x0000000709700000, 0x0000000709800000|  0%| F|  |TAMS 0x0000000709700000, 0x0000000709700000| Untracked 
| 136|0x0000000709800000, 0x0000000709880800, 0x0000000709900000| 50%| E|  |TAMS 0x0000000709800000, 0x0000000709800000| Complete 
| 137|0x0000000709900000, 0x0000000709a00000, 0x0000000709a00000|100%| E|CS|TAMS 0x0000000709900000, 0x0000000709900000| Complete 
| 138|0x0000000709a00000, 0x0000000709b00000, 0x0000000709b00000|100%| E|CS|TAMS 0x0000000709a00000, 0x0000000709a00000| Complete 
| 139|0x0000000709b00000, 0x0000000709c00000, 0x0000000709c00000|100%| E|CS|TAMS 0x0000000709b00000, 0x0000000709b00000| Complete 
| 140|0x0000000709c00000, 0x0000000709d00000, 0x0000000709d00000|100%| E|CS|TAMS 0x0000000709c00000, 0x0000000709c00000| Complete 
| 141|0x0000000709d00000, 0x0000000709e00000, 0x0000000709e00000|100%| E|CS|TAMS 0x0000000709d00000, 0x0000000709d00000| Complete 
| 142|0x0000000709e00000, 0x0000000709f00000, 0x0000000709f00000|100%| E|CS|TAMS 0x0000000709e00000, 0x0000000709e00000| Complete 
| 143|0x0000000709f00000, 0x000000070a000000, 0x000000070a000000|100%| E|CS|TAMS 0x0000000709f00000, 0x0000000709f00000| Complete 
| 144|0x000000070a000000, 0x000000070a100000, 0x000000070a100000|100%| E|CS|TAMS 0x000000070a000000, 0x000000070a000000| Complete 
| 145|0x000000070a100000, 0x000000070a200000, 0x000000070a200000|100%| E|CS|TAMS 0x000000070a100000, 0x000000070a100000| Complete 
| 146|0x000000070a200000, 0x000000070a300000, 0x000000070a300000|100%| E|CS|TAMS 0x000000070a200000, 0x000000070a200000| Complete 
| 147|0x000000070a300000, 0x000000070a400000, 0x000000070a400000|100%| E|CS|TAMS 0x000000070a300000, 0x000000070a300000| Complete 
| 148|0x000000070a400000, 0x000000070a500000, 0x000000070a500000|100%| E|CS|TAMS 0x000000070a400000, 0x000000070a400000| Complete 
| 149|0x000000070a500000, 0x000000070a600000, 0x000000070a600000|100%| E|CS|TAMS 0x000000070a500000, 0x000000070a500000| Complete 
| 150|0x000000070a600000, 0x000000070a700000, 0x000000070a700000|100%| E|CS|TAMS 0x000000070a600000, 0x000000070a600000| Complete 
| 151|0x000000070a700000, 0x000000070a800000, 0x000000070a800000|100%| E|CS|TAMS 0x000000070a700000, 0x000000070a700000| Complete 
| 152|0x000000070a800000, 0x000000070a900000, 0x000000070a900000|100%| E|CS|TAMS 0x000000070a800000, 0x000000070a800000| Complete 
| 153|0x000000070a900000, 0x000000070aa00000, 0x000000070aa00000|100%| E|CS|TAMS 0x000000070a900000, 0x000000070a900000| Complete 
| 154|0x000000070aa00000, 0x000000070ab00000, 0x000000070ab00000|100%| E|CS|TAMS 0x000000070aa00000, 0x000000070aa00000| Complete 
| 155|0x000000070ab00000, 0x000000070ac00000, 0x000000070ac00000|100%| E|CS|TAMS 0x000000070ab00000, 0x000000070ab00000| Complete 
| 156|0x000000070ac00000, 0x000000070ad00000, 0x000000070ad00000|100%| E|CS|TAMS 0x000000070ac00000, 0x000000070ac00000| Complete 
| 157|0x000000070ad00000, 0x000000070ae00000, 0x000000070ae00000|100%| E|CS|TAMS 0x000000070ad00000, 0x000000070ad00000| Complete 
| 158|0x000000070ae00000, 0x000000070af00000, 0x000000070af00000|100%| E|CS|TAMS 0x000000070ae00000, 0x000000070ae00000| Complete 
| 159|0x000000070af00000, 0x000000070b000000, 0x000000070b000000|100%| E|CS|TAMS 0x000000070af00000, 0x000000070af00000| Complete 
| 160|0x000000070b000000, 0x000000070b100000, 0x000000070b100000|100%| E|CS|TAMS 0x000000070b000000, 0x000000070b000000| Complete 
| 161|0x000000070b100000, 0x000000070b200000, 0x000000070b200000|100%| E|CS|TAMS 0x000000070b100000, 0x000000070b100000| Complete 
| 162|0x000000070b200000, 0x000000070b300000, 0x000000070b300000|100%| E|CS|TAMS 0x000000070b200000, 0x000000070b200000| Complete 
| 163|0x000000070b300000, 0x000000070b400000, 0x000000070b400000|100%| E|CS|TAMS 0x000000070b300000, 0x000000070b300000| Complete 
| 164|0x000000070b400000, 0x000000070b500000, 0x000000070b500000|100%| E|CS|TAMS 0x000000070b400000, 0x000000070b400000| Complete 
| 165|0x000000070b500000, 0x000000070b600000, 0x000000070b600000|100%| E|CS|TAMS 0x000000070b500000, 0x000000070b500000| Complete 
| 166|0x000000070b600000, 0x000000070b700000, 0x000000070b700000|100%| E|CS|TAMS 0x000000070b600000, 0x000000070b600000| Complete 
| 167|0x000000070b700000, 0x000000070b800000, 0x000000070b800000|100%| E|CS|TAMS 0x000000070b700000, 0x000000070b700000| Complete 
| 168|0x000000070b800000, 0x000000070b900000, 0x000000070b900000|100%| E|CS|TAMS 0x000000070b800000, 0x000000070b800000| Complete 
| 169|0x000000070b900000, 0x000000070ba00000, 0x000000070ba00000|100%| E|CS|TAMS 0x000000070b900000, 0x000000070b900000| Complete 
| 170|0x000000070ba00000, 0x000000070bb00000, 0x000000070bb00000|100%| E|CS|TAMS 0x000000070ba00000, 0x000000070ba00000| Complete 
| 171|0x000000070bb00000, 0x000000070bc00000, 0x000000070bc00000|100%| E|CS|TAMS 0x000000070bb00000, 0x000000070bb00000| Complete 
| 172|0x000000070bc00000, 0x000000070bd00000, 0x000000070bd00000|100%| E|CS|TAMS 0x000000070bc00000, 0x000000070bc00000| Complete 
| 173|0x000000070bd00000, 0x000000070be00000, 0x000000070be00000|100%| E|CS|TAMS 0x000000070bd00000, 0x000000070bd00000| Complete 
| 174|0x000000070be00000, 0x000000070bf00000, 0x000000070bf00000|100%| E|CS|TAMS 0x000000070be00000, 0x000000070be00000| Complete 
| 175|0x000000070bf00000, 0x000000070c000000, 0x000000070c000000|100%| E|CS|TAMS 0x000000070bf00000, 0x000000070bf00000| Complete 
| 176|0x000000070c000000, 0x000000070c100000, 0x000000070c100000|100%| E|CS|TAMS 0x000000070c000000, 0x000000070c000000| Complete 
| 177|0x000000070c100000, 0x000000070c200000, 0x000000070c200000|100%| E|CS|TAMS 0x000000070c100000, 0x000000070c100000| Complete 
| 178|0x000000070c200000, 0x000000070c300000, 0x000000070c300000|100%| E|CS|TAMS 0x000000070c200000, 0x000000070c200000| Complete 
| 179|0x000000070c300000, 0x000000070c400000, 0x000000070c400000|100%| E|CS|TAMS 0x000000070c300000, 0x000000070c300000| Complete 
| 180|0x000000070c400000, 0x000000070c500000, 0x000000070c500000|100%| E|CS|TAMS 0x000000070c400000, 0x000000070c400000| Complete 
| 181|0x000000070c500000, 0x000000070c600000, 0x000000070c600000|100%| E|CS|TAMS 0x000000070c500000, 0x000000070c500000| Complete 
| 182|0x000000070c600000, 0x000000070c700000, 0x000000070c700000|100%| E|CS|TAMS 0x000000070c600000, 0x000000070c600000| Complete 
| 183|0x000000070c700000, 0x000000070c800000, 0x000000070c800000|100%| E|CS|TAMS 0x000000070c700000, 0x000000070c700000| Complete 
| 184|0x000000070c800000, 0x000000070c900000, 0x000000070c900000|100%| E|CS|TAMS 0x000000070c800000, 0x000000070c800000| Complete 
| 185|0x000000070c900000, 0x000000070ca00000, 0x000000070ca00000|100%| E|CS|TAMS 0x000000070c900000, 0x000000070c900000| Complete 
| 186|0x000000070ca00000, 0x000000070cb00000, 0x000000070cb00000|100%| E|CS|TAMS 0x000000070ca00000, 0x000000070ca00000| Complete 
| 187|0x000000070cb00000, 0x000000070cc00000, 0x000000070cc00000|100%| E|CS|TAMS 0x000000070cb00000, 0x000000070cb00000| Complete 
| 188|0x000000070cc00000, 0x000000070cd00000, 0x000000070cd00000|100%| E|CS|TAMS 0x000000070cc00000, 0x000000070cc00000| Complete 
| 189|0x000000070cd00000, 0x000000070ce00000, 0x000000070ce00000|100%| E|CS|TAMS 0x000000070cd00000, 0x000000070cd00000| Complete 
| 190|0x000000070ce00000, 0x000000070cf00000, 0x000000070cf00000|100%| E|CS|TAMS 0x000000070ce00000, 0x000000070ce00000| Complete 
| 191|0x000000070cf00000, 0x000000070d000000, 0x000000070d000000|100%| E|CS|TAMS 0x000000070cf00000, 0x000000070cf00000| Complete 
| 192|0x000000070d000000, 0x000000070d100000, 0x000000070d100000|100%| E|CS|TAMS 0x000000070d000000, 0x000000070d000000| Complete 
| 193|0x000000070d100000, 0x000000070d200000, 0x000000070d200000|100%| E|CS|TAMS 0x000000070d100000, 0x000000070d100000| Complete 
| 194|0x000000070d200000, 0x000000070d300000, 0x000000070d300000|100%| E|CS|TAMS 0x000000070d200000, 0x000000070d200000| Complete 
| 195|0x000000070d300000, 0x000000070d400000, 0x000000070d400000|100%| E|CS|TAMS 0x000000070d300000, 0x000000070d300000| Complete 
| 196|0x000000070d400000, 0x000000070d500000, 0x000000070d500000|100%| E|CS|TAMS 0x000000070d400000, 0x000000070d400000| Complete 
| 197|0x000000070d500000, 0x000000070d600000, 0x000000070d600000|100%| E|CS|TAMS 0x000000070d500000, 0x000000070d500000| Complete 
| 198|0x000000070d600000, 0x000000070d700000, 0x000000070d700000|100%| E|CS|TAMS 0x000000070d600000, 0x000000070d600000| Complete 
| 199|0x000000070d700000, 0x000000070d800000, 0x000000070d800000|100%| E|CS|TAMS 0x000000070d700000, 0x000000070d700000| Complete 
| 200|0x000000070d800000, 0x000000070d900000, 0x000000070d900000|100%| E|CS|TAMS 0x000000070d800000, 0x000000070d800000| Complete 
| 201|0x000000070d900000, 0x000000070da00000, 0x000000070da00000|100%| E|CS|TAMS 0x000000070d900000, 0x000000070d900000| Complete 
| 202|0x000000070da00000, 0x000000070db00000, 0x000000070db00000|100%| E|CS|TAMS 0x000000070da00000, 0x000000070da00000| Complete 
| 203|0x000000070db00000, 0x000000070dc00000, 0x000000070dc00000|100%| E|CS|TAMS 0x000000070db00000, 0x000000070db00000| Complete 
| 204|0x000000070dc00000, 0x000000070dd00000, 0x000000070dd00000|100%| E|CS|TAMS 0x000000070dc00000, 0x000000070dc00000| Complete 
| 205|0x000000070dd00000, 0x000000070de00000, 0x000000070de00000|100%| E|CS|TAMS 0x000000070dd00000, 0x000000070dd00000| Complete 
| 206|0x000000070de00000, 0x000000070df00000, 0x000000070df00000|100%| E|CS|TAMS 0x000000070de00000, 0x000000070de00000| Complete 
| 207|0x000000070df00000, 0x000000070e000000, 0x000000070e000000|100%| E|CS|TAMS 0x000000070df00000, 0x000000070df00000| Complete 
| 208|0x000000070e000000, 0x000000070e100000, 0x000000070e100000|100%| E|CS|TAMS 0x000000070e000000, 0x000000070e000000| Complete 
| 209|0x000000070e100000, 0x000000070e200000, 0x000000070e200000|100%| E|CS|TAMS 0x000000070e100000, 0x000000070e100000| Complete 
| 210|0x000000070e200000, 0x000000070e300000, 0x000000070e300000|100%| E|CS|TAMS 0x000000070e200000, 0x000000070e200000| Complete 
| 211|0x000000070e300000, 0x000000070e400000, 0x000000070e400000|100%| E|CS|TAMS 0x000000070e300000, 0x000000070e300000| Complete 
| 212|0x000000070e400000, 0x000000070e500000, 0x000000070e500000|100%| E|CS|TAMS 0x000000070e400000, 0x000000070e400000| Complete 
| 213|0x000000070e500000, 0x000000070e600000, 0x000000070e600000|100%| E|CS|TAMS 0x000000070e500000, 0x000000070e500000| Complete 
| 214|0x000000070e600000, 0x000000070e700000, 0x000000070e700000|100%| E|CS|TAMS 0x000000070e600000, 0x000000070e600000| Complete 
| 215|0x000000070e700000, 0x000000070e800000, 0x000000070e800000|100%| E|CS|TAMS 0x000000070e700000, 0x000000070e700000| Complete 
| 216|0x000000070e800000, 0x000000070e900000, 0x000000070e900000|100%| E|CS|TAMS 0x000000070e800000, 0x000000070e800000| Complete 
| 217|0x000000070e900000, 0x000000070ea00000, 0x000000070ea00000|100%| E|CS|TAMS 0x000000070e900000, 0x000000070e900000| Complete 
| 218|0x000000070ea00000, 0x000000070ea7ed68, 0x000000070eb00000| 49%| S|CS|TAMS 0x000000070ea00000, 0x000000070ea00000| Complete 
| 219|0x000000070eb00000, 0x000000070ec00000, 0x000000070ec00000|100%| S|CS|TAMS 0x000000070eb00000, 0x000000070eb00000| Complete 
| 220|0x000000070ec00000, 0x000000070ed00000, 0x000000070ed00000|100%| S|CS|TAMS 0x000000070ec00000, 0x000000070ec00000| Complete 
| 221|0x000000070ed00000, 0x000000070ee00000, 0x000000070ee00000|100%| S|CS|TAMS 0x000000070ed00000, 0x000000070ed00000| Complete 
| 222|0x000000070ee00000, 0x000000070ef00000, 0x000000070ef00000|100%| S|CS|TAMS 0x000000070ee00000, 0x000000070ee00000| Complete 
| 223|0x000000070ef00000, 0x000000070f000000, 0x000000070f000000|100%| S|CS|TAMS 0x000000070ef00000, 0x000000070ef00000| Complete 
| 224|0x000000070f000000, 0x000000070f100000, 0x000000070f100000|100%| S|CS|TAMS 0x000000070f000000, 0x000000070f000000| Complete 
| 225|0x000000070f100000, 0x000000070f200000, 0x000000070f200000|100%| S|CS|TAMS 0x000000070f100000, 0x000000070f100000| Complete 
| 226|0x000000070f200000, 0x000000070f300000, 0x000000070f300000|100%| E|CS|TAMS 0x000000070f200000, 0x000000070f200000| Complete 
| 227|0x000000070f300000, 0x000000070f400000, 0x000000070f400000|100%| E|CS|TAMS 0x000000070f300000, 0x000000070f300000| Complete 
| 228|0x000000070f400000, 0x000000070f500000, 0x000000070f500000|100%| E|CS|TAMS 0x000000070f400000, 0x000000070f400000| Complete 
| 229|0x000000070f500000, 0x000000070f600000, 0x000000070f600000|100%| E|CS|TAMS 0x000000070f500000, 0x000000070f500000| Complete 
| 230|0x000000070f600000, 0x000000070f700000, 0x000000070f700000|100%| E|CS|TAMS 0x000000070f600000, 0x000000070f600000| Complete 
| 231|0x000000070f700000, 0x000000070f800000, 0x000000070f800000|100%| E|CS|TAMS 0x000000070f700000, 0x000000070f700000| Complete 
| 232|0x000000070f800000, 0x000000070f900000, 0x000000070f900000|100%| E|CS|TAMS 0x000000070f800000, 0x000000070f800000| Complete 
| 233|0x000000070f900000, 0x000000070fa00000, 0x000000070fa00000|100%| E|CS|TAMS 0x000000070f900000, 0x000000070f900000| Complete 
| 234|0x000000070fa00000, 0x000000070fb00000, 0x000000070fb00000|100%| E|CS|TAMS 0x000000070fa00000, 0x000000070fa00000| Complete 
| 235|0x000000070fb00000, 0x000000070fc00000, 0x000000070fc00000|100%| E|CS|TAMS 0x000000070fb00000, 0x000000070fb00000| Complete 
| 236|0x000000070fc00000, 0x000000070fd00000, 0x000000070fd00000|100%| E|CS|TAMS 0x000000070fc00000, 0x000000070fc00000| Complete 
| 237|0x000000070fd00000, 0x000000070fe00000, 0x000000070fe00000|100%| E|CS|TAMS 0x000000070fd00000, 0x000000070fd00000| Complete 
| 238|0x000000070fe00000, 0x000000070ff00000, 0x000000070ff00000|100%| E|CS|TAMS 0x000000070fe00000, 0x000000070fe00000| Complete 
| 239|0x000000070ff00000, 0x0000000710000000, 0x0000000710000000|100%| E|CS|TAMS 0x000000070ff00000, 0x000000070ff00000| Complete 
| 240|0x0000000710000000, 0x0000000710100000, 0x0000000710100000|100%| E|CS|TAMS 0x0000000710000000, 0x0000000710000000| Complete 
| 241|0x0000000710100000, 0x0000000710200000, 0x0000000710200000|100%| E|CS|TAMS 0x0000000710100000, 0x0000000710100000| Complete 
| 242|0x0000000710200000, 0x0000000710300000, 0x0000000710300000|100%| E|CS|TAMS 0x0000000710200000, 0x0000000710200000| Complete 
| 243|0x0000000710300000, 0x0000000710400000, 0x0000000710400000|100%| E|CS|TAMS 0x0000000710300000, 0x0000000710300000| Complete 
| 244|0x0000000710400000, 0x0000000710500000, 0x0000000710500000|100%| E|CS|TAMS 0x0000000710400000, 0x0000000710400000| Complete 
| 245|0x0000000710500000, 0x0000000710600000, 0x0000000710600000|100%| E|CS|TAMS 0x0000000710500000, 0x0000000710500000| Complete 
| 246|0x0000000710600000, 0x0000000710700000, 0x0000000710700000|100%| E|CS|TAMS 0x0000000710600000, 0x0000000710600000| Complete 
| 247|0x0000000710700000, 0x0000000710800000, 0x0000000710800000|100%| E|CS|TAMS 0x0000000710700000, 0x0000000710700000| Complete 
| 248|0x0000000710800000, 0x0000000710900000, 0x0000000710900000|100%| E|CS|TAMS 0x0000000710800000, 0x0000000710800000| Complete 
| 249|0x0000000710900000, 0x0000000710a00000, 0x0000000710a00000|100%| E|CS|TAMS 0x0000000710900000, 0x0000000710900000| Complete 
| 250|0x0000000710a00000, 0x0000000710b00000, 0x0000000710b00000|100%| E|CS|TAMS 0x0000000710a00000, 0x0000000710a00000| Complete 
| 251|0x0000000710b00000, 0x0000000710c00000, 0x0000000710c00000|100%| E|CS|TAMS 0x0000000710b00000, 0x0000000710b00000| Complete 
| 252|0x0000000710c00000, 0x0000000710d00000, 0x0000000710d00000|100%| E|CS|TAMS 0x0000000710c00000, 0x0000000710c00000| Complete 
| 253|0x0000000710d00000, 0x0000000710e00000, 0x0000000710e00000|100%| E|CS|TAMS 0x0000000710d00000, 0x0000000710d00000| Complete 
| 254|0x0000000710e00000, 0x0000000710f00000, 0x0000000710f00000|100%| E|CS|TAMS 0x0000000710e00000, 0x0000000710e00000| Complete 
| 255|0x0000000710f00000, 0x0000000711000000, 0x0000000711000000|100%| E|CS|TAMS 0x0000000710f00000, 0x0000000710f00000| Complete 

Card table byte_map: [0x0000019477760000,0x0000019477f60000] _byte_map_base: 0x0000019473f58000

Marking Bits (Prev, Next): (CMBitMap*) 0x000001946cbc96b8, (CMBitMap*) 0x000001946cbc96f0
 Prev Bits: [0x0000019478760000, 0x000001947c720000)
 Next Bits: [0x000001940f000000, 0x0000019412fc0000)

Polling page: 0x000001946c9b0000

Metaspace:

Usage:
  Non-class:     47.58 MB capacity,    46.96 MB ( 99%) used,   487.43 KB (  1%) free+waste,   146.81 KB ( <1%) overhead. 
      Class:      6.88 MB capacity,     6.45 MB ( 94%) used,   370.13 KB (  5%) free+waste,    66.88 KB ( <1%) overhead. 
       Both:     54.46 MB capacity,    53.41 MB ( 98%) used,   857.56 KB (  2%) free+waste,   213.69 KB ( <1%) overhead. 

Virtual space:
  Non-class space:       48.00 MB reserved,      47.63 MB (>99%) committed 
      Class space:        1.00 GB reserved,       6.95 MB ( <1%) committed 
             Both:        1.05 GB reserved,      54.58 MB (  5%) committed 

Chunk freelists:
   Non-Class:  6.13 KB
       Class:  3.38 KB
        Both:  9.50 KB

CodeHeap 'non-profiled nmethods': size=120064Kb used=1815Kb max_used=2168Kb free=118248Kb
 bounds [0x0000019407ac0000, 0x0000019407d30000, 0x000001940f000000]
CodeHeap 'profiled nmethods': size=120000Kb used=7816Kb max_used=9218Kb free=112183Kb
 bounds [0x0000019400590000, 0x0000019400ea0000, 0x0000019407ac0000]
CodeHeap 'non-nmethods': size=5696Kb used=1208Kb max_used=1262Kb free=4487Kb
 bounds [0x0000019400000000, 0x0000019400270000, 0x0000019400590000]
 total_blobs=4221 nmethods=3661 adapters=471
 compilation: enabled
              stopped_count=0, restarted_count=0
 full_count=0

Compilation events (10 events):
Event: 372.558 Thread 0x000001947f9ae800 nmethod 4309 0x00000194006c7210 code [0x00000194006c73a0, 0x00000194006c74f8]
Event: 372.559 Thread 0x000001947f9a1800 nmethod 4308 0x0000019407b49f90 code [0x0000019407b4a120, 0x0000019407b4a2b8]
Event: 378.175 Thread 0x000001947f9a1800 4310       4       java.util.concurrent.locks.ReentrantLock$NonfairSync::tryAcquire (6 bytes)
Event: 378.177 Thread 0x000001947f9a1800 nmethod 4310 0x0000019407b49b90 code [0x0000019407b49d20, 0x0000019407b49eb8]
Event: 382.319 Thread 0x000001947f9a1800 4311       4       java.util.Collections$UnmodifiableCollection$1::hasNext (10 bytes)
Event: 382.320 Thread 0x000001947f9a1800 nmethod 4311 0x0000019407b49890 code [0x0000019407b49a20, 0x0000019407b49ab8]
Event: 382.560 Thread 0x000001947f9ae800 4312       3       java.util.TreeMap::rotateRight (96 bytes)
Event: 382.560 Thread 0x000001947f9ae800 nmethod 4312 0x00000194005bc490 code [0x00000194005bc660, 0x00000194005bcc38]
Event: 416.175 Thread 0x000001947f9a1800 4313       4       java.util.concurrent.locks.ReentrantLock$Sync::tryRelease (45 bytes)
Event: 416.176 Thread 0x000001947f9a1800 nmethod 4313 0x0000019407b49510 code [0x0000019407b496a0, 0x0000019407b497b8]

GC Heap History (10 events):
Event: 0.558 GC heap before
{Heap before GC invocations=0 (full 0):
 garbage-first heap   total 262144K, used 22528K [0x0000000701000000, 0x0000000800000000)
  region size 1024K, 22 young (22528K), 0 survivors (0K)
 Metaspace       used 12050K, capacity 12287K, committed 12544K, reserved 1060864K
  class space    used 1178K, capacity 1247K, committed 1280K, reserved 1048576K
}
Event: 0.564 GC heap after
{Heap after GC invocations=1 (full 0):
 garbage-first heap   total 262144K, used 6357K [0x0000000701000000, 0x0000000800000000)
  region size 1024K, 3 young (3072K), 3 survivors (3072K)
 Metaspace       used 12050K, capacity 12287K, committed 12544K, reserved 1060864K
  class space    used 1178K, capacity 1247K, committed 1280K, reserved 1048576K
}
Event: 0.808 GC heap before
{Heap before GC invocations=1 (full 0):
 garbage-first heap   total 262144K, used 25813K [0x0000000701000000, 0x0000000800000000)
  region size 1024K, 23 young (23552K), 3 survivors (3072K)
 Metaspace       used 16449K, capacity 16866K, committed 17024K, reserved 1064960K
  class space    used 1745K, capacity 1891K, committed 1920K, reserved 1048576K
}
Event: 0.810 GC heap after
{Heap after GC invocations=2 (full 0):
 garbage-first heap   total 262144K, used 7412K [0x0000000701000000, 0x0000000800000000)
  region size 1024K, 2 young (2048K), 2 survivors (2048K)
 Metaspace       used 16449K, capacity 16866K, committed 17024K, reserved 1064960K
  class space    used 1745K, capacity 1891K, committed 1920K, reserved 1048576K
}
Event: 0.968 GC heap before
{Heap before GC invocations=2 (full 0):
 garbage-first heap   total 262144K, used 30964K [0x0000000701000000, 0x0000000800000000)
  region size 1024K, 26 young (26624K), 2 survivors (2048K)
 Metaspace       used 20767K, capacity 21189K, committed 21296K, reserved 1069056K
  class space    used 2248K, capacity 2417K, committed 2432K, reserved 1048576K
}
Event: 0.970 GC heap after
{Heap after GC invocations=3 (full 0):
 garbage-first heap   total 262144K, used 8003K [0x0000000701000000, 0x0000000800000000)
  region size 1024K, 2 young (2048K), 2 survivors (2048K)
 Metaspace       used 20767K, capacity 21189K, committed 21296K, reserved 1069056K
  class space    used 2248K, capacity 2417K, committed 2432K, reserved 1048576K
}
Event: 2.386 GC heap before
{Heap before GC invocations=4 (full 0):
 garbage-first heap   total 262144K, used 161603K [0x0000000701000000, 0x0000000800000000)
  region size 1024K, 153 young (156672K), 2 survivors (2048K)
 Metaspace       used 33071K, capacity 33953K, committed 34044K, reserved 1079296K
  class space    used 3774K, capacity 4137K, committed 4172K, reserved 1048576K
}
Event: 2.390 GC heap after
{Heap after GC invocations=5 (full 0):
 garbage-first heap   total 262144K, used 13118K [0x0000000701000000, 0x0000000800000000)
  region size 1024K, 7 young (7168K), 7 survivors (7168K)
 Metaspace       used 33071K, capacity 33953K, committed 34044K, reserved 1079296K
  class space    used 3774K, capacity 4137K, committed 4172K, reserved 1048576K
}
Event: 2.587 GC heap before
{Heap before GC invocations=5 (full 0):
 garbage-first heap   total 262144K, used 41790K [0x0000000701000000, 0x0000000800000000)
  region size 1024K, 37 young (37888K), 7 survivors (7168K)
 Metaspace       used 35025K, capacity 35938K, committed 36048K, reserved 1081344K
  class space    used 3994K, capacity 4394K, committed 4428K, reserved 1048576K
}
Event: 2.591 GC heap after
{Heap after GC invocations=6 (full 0):
 garbage-first heap   total 262144K, used 13982K [0x0000000701000000, 0x0000000800000000)
  region size 1024K, 8 young (8192K), 8 survivors (8192K)
 Metaspace       used 35025K, capacity 35938K, committed 36048K, reserved 1081344K
  class space    used 3994K, capacity 4394K, committed 4428K, reserved 1048576K
}

Deoptimization events (10 events):
Event: 2.973 Thread 0x000001946cb67000 Uncommon trap: reason=unstable_if action=reinterpret pc=0x0000019407c62668 method=java.util.concurrent.ConcurrentHashMap.get(Ljava/lang/Object;)Ljava/lang/Object; @ 86 c2
Event: 3.061 Thread 0x000001946cb67000 Uncommon trap: reason=unstable_if action=reinterpret pc=0x0000019407c6b874 method=org.springframework.core.annotation.AnnotationsScanner.isWithoutHierarchy(Ljava/lang/reflect/AnnotatedElement;Lorg/springframework/core/annotation/MergedAnnotations$SearchSt
Event: 3.116 Thread 0x000001946cb67000 Uncommon trap: reason=class_check action=maybe_recompile pc=0x0000019407b3bb84 method=org.springframework.boot.context.properties.source.ConfigurationPropertyName$Elements.charAt(II)C @ 43 c2
Event: 3.116 Thread 0x000001946cb67000 Uncommon trap: reason=class_check action=maybe_recompile pc=0x0000019407b3bb84 method=org.springframework.boot.context.properties.source.ConfigurationPropertyName$Elements.charAt(II)C @ 43 c2
Event: 3.123 Thread 0x000001946cb67000 Uncommon trap: reason=null_check action=make_not_entrant pc=0x0000019407bd5fe4 method=org.springframework.util.ClassUtils.isAssignable(Ljava/lang/Class;Ljava/lang/Class;)Z @ 14 c2
Event: 3.133 Thread 0x000001946cb67000 Uncommon trap: reason=unstable_if action=reinterpret pc=0x0000019407b7d50c method=java.util.concurrent.ConcurrentHashMap.transfer([Ljava/util/concurrent/ConcurrentHashMap$Node;[Ljava/util/concurrent/ConcurrentHashMap$Node;)V @ 352 c2
Event: 3.145 Thread 0x000001946cb67000 Uncommon trap: reason=unstable_if action=reinterpret pc=0x0000019407c502d4 method=java.lang.PublicMethods$MethodList.filter([Ljava/lang/reflect/Method;Ljava/lang/String;[Ljava/lang/Class;Z)Ljava/lang/PublicMethods$MethodList; @ 43 c2
Event: 3.184 Thread 0x000001946cb67000 Uncommon trap: reason=unstable_if action=reinterpret pc=0x0000019407bf8d7c method=org.springframework.util.ConcurrentReferenceHashMap$Segment.clear()V @ 7 c2
Event: 10.156 Thread 0x000001941907b000 Uncommon trap: reason=unstable_if action=reinterpret pc=0x0000019407bd74e0 method=org.springframework.beans.factory.support.AbstractAutowireCapableBeanFactory.determineTargetType(Ljava/lang/String;Lorg/springframework/beans/factory/support/RootBeanDefinit
Event: 10.440 Thread 0x000001941907b800 Uncommon trap: reason=unstable_if action=reinterpret pc=0x0000019407bafb78 method=java.util.Objects.equals(Ljava/lang/Object;Ljava/lang/Object;)Z @ 6 c2

Classes redefined (0 events):
No events

Internal exceptions (10 events):
Event: 2.886 Thread 0x000001946cb67000 Exception <a 'java/lang/ClassNotFoundException'{0x000000070f57d4d8}: org/springframework/beans/factory/AwareCustomizer> (0x000000070f57d4d8) thrown at [./open/src/hotspot/share/classfile/systemDictionary.cpp, line 228]
Event: 2.886 Thread 0x000001946cb67000 Exception <a 'java/lang/ClassNotFoundException'{0x000000070f409f88}: org/springframework/web/context/ServletContextAwareCustomizer> (0x000000070f409f88) thrown at [./open/src/hotspot/share/classfile/systemDictionary.cpp, line 228]
Event: 2.887 Thread 0x000001946cb67000 Exception <a 'java/lang/ClassNotFoundException'{0x000000070f416a80}: org/springframework/beans/factory/AwareCustomizer> (0x000000070f416a80) thrown at [./open/src/hotspot/share/classfile/systemDictionary.cpp, line 228]
Event: 3.075 Thread 0x000001946cb67000 Exception <a 'java/lang/NoSuchMethodError'{0x000000070d163d30}: java.lang.invoke.DirectMethodHandle$Holder.invokeInterface(Ljava/lang/Object;Ljava/lang/Object;Ljava/lang/Object;)Ljava/lang/Object;> (0x000000070d163d30) thrown at [./open/src/hotspot/share/
Event: 3.075 Thread 0x000001946cb67000 Exception <a 'java/lang/IncompatibleClassChangeError'{0x000000070d166cb8}: Found class java.lang.Object, but interface was expected> (0x000000070d166cb8) thrown at [./open/src/hotspot/share/interpreter/linkResolver.cpp, line 838]
Event: 3.100 Thread 0x000001946cb67000 Exception <a 'java/lang/NoSuchMethodError'{0x000000070cd5d850}: java.lang.invoke.DirectMethodHandle$Holder.invokeStaticInit(Ljava/lang/Object;Ljava/lang/Object;Ljava/lang/Object;Ljava/lang/Object;)I> (0x000000070cd5d850) thrown at [./open/src/hotspot/shar
Event: 3.123 Thread 0x000001946cb67000 Implicit null exception at 0x0000019407bd5dd7 to 0x0000019407bd5fce
Event: 3.341 Thread 0x000001947fb33000 Exception <a 'java/lang/NoSuchMethodError'{0x000000070b253608}: java.lang.invoke.DirectMethodHandle$Holder.newInvokeSpecial(Ljava/lang/Object;Ljava/lang/Object;ILjava/lang/Object;Ljava/lang/Object;)Ljava/lang/Object;> (0x000000070b253608) thrown at [./ope
Event: 3.414 Thread 0x000001947fb33000 Exception <a 'java/lang/NoSuchMethodError'{0x000000070ade4a68}: java.lang.invoke.DirectMethodHandle$Holder.invokeInterface(Ljava/lang/Object;Ljava/lang/Object;)V> (0x000000070ade4a68) thrown at [./open/src/hotspot/share/interpreter/linkResolver.cpp, line 
Event: 153.128 Thread 0x000001947fb31800 Exception <a 'sun/net/ConnectionResetException'{0x00000007098000b0}: > (0x00000007098000b0) thrown at [./open/src/hotspot/share/prims/jni.cpp, line 632]

Events (10 events):
Event: 372.561 Thread 0x000001947f9bc800 flushing nmethod 0x00000194007ba010
Event: 372.561 Thread 0x000001947f9bc800 flushing nmethod 0x0000019400839990
Event: 372.561 Thread 0x000001947f9bc800 flushing nmethod 0x000001940083b390
Event: 372.562 Thread 0x000001947f9bc800 flushing nmethod 0x0000019400cd3d10
Event: 372.562 Thread 0x000001947f9bc800 flushing nmethod 0x0000019400d6c790
Event: 372.562 Thread 0x000001947f9bc800 flushing nmethod 0x0000019400d72f90
Event: 372.562 Thread 0x000001947f9bc800 flushing nmethod 0x0000019400df2290
Event: 372.562 Thread 0x000001947f9bc800 flushing nmethod 0x0000019400e4e310
Event: 416.176 Executing VM operation: HandshakeAllThreads
Event: 416.176 Executing VM operation: HandshakeAllThreads done


Dynamic libraries:
0x00007ff63c880000 - 0x00007ff63c88f000 	C:\Program Files\Java\jdk-11.0.8\bin\java.exe
0x00007ff8c6cc0000 - 0x00007ff8c6eb0000 	C:\Windows\SYSTEM32\ntdll.dll
0x00007ff8c50b0000 - 0x00007ff8c5162000 	C:\Windows\System32\KERNEL32.DLL
0x00007ff8c45d0000 - 0x00007ff8c4875000 	C:\Windows\System32\KERNELBASE.dll
0x00007ff8c4a70000 - 0x00007ff8c4b6a000 	C:\Windows\System32\ucrtbase.dll
0x00007ff8a0e70000 - 0x00007ff8a0e88000 	C:\Program Files\Java\jdk-11.0.8\bin\jli.dll
0x00007ff8c5da0000 - 0x00007ff8c5e43000 	C:\Windows\System32\ADVAPI32.dll
0x00007ff8c68a0000 - 0x00007ff8c693e000 	C:\Windows\System32\msvcrt.dll
0x00007ff8c5fb0000 - 0x00007ff8c6047000 	C:\Windows\System32\sechost.dll
0x00007ff8c6130000 - 0x00007ff8c6250000 	C:\Windows\System32\RPCRT4.dll
0x00007ff8a0e50000 - 0x00007ff8a0e65000 	C:\Program Files\Java\jdk-11.0.8\bin\VCRUNTIME140.dll
0x00007ff8c4de0000 - 0x00007ff8c4f74000 	C:\Windows\System32\USER32.dll
0x00007ff8c3ca0000 - 0x00007ff8c3cc1000 	C:\Windows\System32\win32u.dll
0x00007ff8c5880000 - 0x00007ff8c58a6000 	C:\Windows\System32\GDI32.dll
0x00007ff8b31d0000 - 0x00007ff8b3454000 	C:\Windows\WinSxS\amd64_microsoft.windows.common-controls_6595b64144ccf1df_6.0.18362.1139_none_9e7bf2d3e4605ac6\COMCTL32.dll
0x00007ff8c4b70000 - 0x00007ff8c4d06000 	C:\Windows\System32\gdi32full.dll
0x00007ff8c6250000 - 0x00007ff8c6585000 	C:\Windows\System32\combase.dll
0x00007ff8c4950000 - 0x00007ff8c49ee000 	C:\Windows\System32\msvcp_win.dll
0x00007ff8c49f0000 - 0x00007ff8c4a70000 	C:\Windows\System32\bcryptPrimitives.dll
0x00007ff8bc600000 - 0x00007ff8bc60a000 	C:\Windows\SYSTEM32\VERSION.dll
0x00007ff8c5f00000 - 0x00007ff8c5f2e000 	C:\Windows\System32\IMM32.DLL
0x00007ff883d80000 - 0x00007ff883e1b000 	C:\Program Files\Java\jdk-11.0.8\bin\msvcp140.dll
0x00007ff872cc0000 - 0x00007ff8737a6000 	C:\Program Files\Java\jdk-11.0.8\bin\server\jvm.dll
0x00007ff8c5870000 - 0x00007ff8c5878000 	C:\Windows\System32\PSAPI.DLL
0x00007ff8ba680000 - 0x00007ff8ba6a4000 	C:\Windows\SYSTEM32\WINMM.dll
0x00007ff8ba630000 - 0x00007ff8ba65d000 	C:\Windows\SYSTEM32\WINMMBASE.dll
0x00007ff8c3c50000 - 0x00007ff8c3c9a000 	C:\Windows\System32\cfgmgr32.dll
0x00007ff8b8ef0000 - 0x00007ff8b8ef9000 	C:\Windows\SYSTEM32\WSOCK32.dll
0x00007ff8c5d30000 - 0x00007ff8c5d9f000 	C:\Windows\System32\WS2_32.dll
0x00007ff8c3b90000 - 0x00007ff8c3ba1000 	C:\Windows\System32\kernel.appcore.dll
0x00007ff8af440000 - 0x00007ff8af450000 	C:\Program Files\Java\jdk-11.0.8\bin\verify.dll
0x00007ff8becf0000 - 0x00007ff8beee4000 	C:\Windows\SYSTEM32\DBGHELP.DLL
0x00007ff8becc0000 - 0x00007ff8becea000 	C:\Windows\SYSTEM32\dbgcore.DLL
0x00007ff8a0e20000 - 0x00007ff8a0e48000 	C:\Program Files\Java\jdk-11.0.8\bin\java.dll
0x00007ff8af180000 - 0x00007ff8af18a000 	C:\Program Files\Java\jdk-11.0.8\bin\jimage.dll
0x00007ff8bffa0000 - 0x00007ff8bffae000 	C:\Program Files\Java\jdk-11.0.8\bin\instrument.dll
0x00007ff89dca0000 - 0x00007ff89dcb6000 	C:\Program Files\Java\jdk-11.0.8\bin\zip.dll
0x00007ff8c5170000 - 0x00007ff8c5857000 	C:\Windows\System32\SHELL32.dll
0x00007ff8c5e50000 - 0x00007ff8c5ef9000 	C:\Windows\System32\shcore.dll
0x00007ff8c3d00000 - 0x00007ff8c4480000 	C:\Windows\System32\windows.storage.dll
0x00007ff8c3c20000 - 0x00007ff8c3c43000 	C:\Windows\System32\profapi.dll
0x00007ff8c3bb0000 - 0x00007ff8c3bfa000 	C:\Windows\System32\powrprof.dll
0x00007ff8c3b80000 - 0x00007ff8c3b90000 	C:\Windows\System32\UMPDC.dll
0x00007ff8c6c20000 - 0x00007ff8c6c72000 	C:\Windows\System32\shlwapi.dll
0x00007ff8c4880000 - 0x00007ff8c4897000 	C:\Windows\System32\cryptsp.dll
0x00007ff89dc80000 - 0x00007ff89dc99000 	C:\Program Files\Java\jdk-11.0.8\bin\net.dll
0x00007ff8bf1c0000 - 0x00007ff8bf2b0000 	C:\Windows\SYSTEM32\WINHTTP.dll
0x00007ff8c3380000 - 0x00007ff8c33e7000 	C:\Windows\system32\mswsock.dll
0x00007ff89dc60000 - 0x00007ff89dc72000 	C:\Program Files\Java\jdk-11.0.8\bin\nio.dll
0x00007ff8bc3d0000 - 0x00007ff8bc3ea000 	C:\Program Files\JetBrains\IntelliJ IDEA Community Edition 2020.2.2\bin\breakgen64.dll
0x00007ff8aa190000 - 0x00007ff8aa199000 	C:\Program Files\Java\jdk-11.0.8\bin\management.dll
0x00007ff8a9770000 - 0x00007ff8a977b000 	C:\Program Files\Java\jdk-11.0.8\bin\management_ext.dll
0x00007ff8b9a40000 - 0x00007ff8b9a56000 	C:\Windows\system32\napinsp.dll
0x00007ff8b9160000 - 0x00007ff8b917a000 	C:\Windows\system32\pnrpnsp.dll
0x00007ff8c30e0000 - 0x00007ff8c31ab000 	C:\Windows\SYSTEM32\DNSAPI.dll
0x00007ff8c5d20000 - 0x00007ff8c5d28000 	C:\Windows\System32\NSI.dll
0x00007ff8c30a0000 - 0x00007ff8c30da000 	C:\Windows\SYSTEM32\IPHLPAPI.DLL
0x00007ff8b92e0000 - 0x00007ff8b92ee000 	C:\Windows\System32\winrnr.dll
0x00007ff8bfe10000 - 0x00007ff8bfe2c000 	C:\Windows\system32\NLAapi.dll
0x00007ff8b6030000 - 0x00007ff8b6045000 	C:\Windows\system32\wshbth.dll
0x00007ff8be960000 - 0x00007ff8be96a000 	C:\Windows\System32\rasadhlp.dll
0x00007ff8bf7b0000 - 0x00007ff8bf827000 	C:\Windows\System32\fwpuclnt.dll
0x00007ff8c3cd0000 - 0x00007ff8c3cf6000 	C:\Windows\System32\bcrypt.dll
0x00007ff8c2f00000 - 0x00007ff8c2f33000 	C:\Windows\system32\rsaenh.dll
0x00007ff8c3aa0000 - 0x00007ff8c3ac5000 	C:\Windows\SYSTEM32\USERENV.dll
0x00007ff8c3500000 - 0x00007ff8c350c000 	C:\Windows\SYSTEM32\CRYPTBASE.dll
0x00007ff8bfbf0000 - 0x00007ff8bfc06000 	C:\Windows\SYSTEM32\dhcpcsvc6.DLL
0x00007ff8bfbd0000 - 0x00007ff8bfbec000 	C:\Windows\SYSTEM32\dhcpcsvc.DLL

dbghelp: loaded successfully - version: 4.0.5 - missing functions: none
symbol engine: initialized successfully - sym options: 0x614 - pdb path: .;C:\Program Files\Java\jdk-11.0.8\bin;C:\Windows\SYSTEM32;C:\Windows\WinSxS\amd64_microsoft.windows.common-controls_6595b64144ccf1df_6.0.18362.1139_none_9e7bf2d3e4605ac6;C:\Program Files\Java\jdk-11.0.8\bin\server;C:\Program Files\JetBrains\IntelliJ IDEA Community Edition 2020.2.2\bin

VM Arguments:
jvm_args: -javaagent:C:\Program Files\JetBrains\IntelliJ IDEA Community Edition 2020.2.2\lib\idea_rt.jar=52880:C:\Program Files\JetBrains\IntelliJ IDEA Community Edition 2020.2.2\bin -Dfile.encoding=UTF-8 
java_command: study.querydsl.QuerydslApplication
java_class_path (initial): C:\Users\ggs\Documents\workspaces\querydsl\out\production\classes;C:\Users\ggs\Documents\workspaces\querydsl\out\production\resources;C:\Users\ggs\.gradle\caches\modules-2\files-2.1\org.springframework.boot\spring-boot-starter-data-jpa\2.3.4.RELEASE\a8b9828649248d762d1d3fc6898c8d7e471e1a8e\spring-boot-starter-data-jpa-2.3.4.RELEASE.jar;C:\Users\ggs\.gradle\caches\modules-2\files-2.1\org.springframework.boot\spring-boot-starter-web\2.3.4.RELEASE\fe00611add5307c1f25f955b5229b7dddaaa2ff4\spring-boot-starter-web-2.3.4.RELEASE.jar;C:\Users\ggs\.gradle\caches\modules-2\files-2.1\org.springframework.boot\spring-boot-starter-aop\2.3.4.RELEASE\d3f6346c22a693830f2b7099b8a2dd531f771a4b\spring-boot-starter-aop-2.3.4.RELEASE.jar;C:\Users\ggs\.gradle\caches\modules-2\files-2.1\org.springframework.boot\spring-boot-starter-jdbc\2.3.4.RELEASE\77ca3fe49c6f9bb62fec474ebfc0c529bf048fd4\spring-boot-starter-jdbc-2.3.4.RELEASE.jar;C:\Users\ggs\.gradle\caches\modules-2\files-2.1\jakarta.transaction\jakarta.transaction-api\1.3.3\c4179d48720a1e87202115fbed6089bdc4195405\jakarta.transaction-api-1.3.3.jar;C:\Users\ggs\.gradle\caches\modules-2\files-2.1\jakarta.persistence\jakarta.persistence-api\2.2.3\8f6ea5daedc614f07a3654a455660145286f024e\jakarta.persistence-api-2.2.3.jar;C:\Users\ggs\.gradle\caches\modules-2\files-2.1\org.hibernate\hibernate-core\5.4.21.Final\7cc737047ce084bf732adbb7f4064a16fd26229a\hibernate-core-5.4.21.Final.jar;C:\Users\ggs\.gradle\caches\modules-2\files-2.1\org.springframework.data\spring-data-jpa\2.3.4.RELEASE\d564e9ce9bf4dd6183dd417625efa97e4a13f4ac\spring-data-jpa-2.3.4.RELEASE.jar;C:\Users\ggs\.gradle\caches\modules-2\files-2.1\org.springframework\spring-aspects\5.2.9.RELEASE\6726b662c862e8bf297c9251e7851fbc9fe01d84\spring-aspects-5.2.9.RELEASE.jar;C:\Users\ggs\.gradle\caches\modules-2\files-2.1\org.springframework.boot\spring-boot-starter-json\2.3.4.RELEASE\1fac4d2fa9d2827e5e7a2c11ccc50f8dea2e95b\spring-boot-starter-json-2.3.4.RELEASE.
Launcher Type: SUN_STANDARD

[Global flags]
     intx CICompilerCount                          = 3                                         {product} {ergonomic}
     uint ConcGCThreads                            = 2                                         {product} {ergonomic}
     uint G1ConcRefinementThreads                  = 6                                         {product} {ergonomic}
   size_t G1HeapRegionSize                         = 1048576                                   {product} {ergonomic}
    uintx GCDrainStackTargetSize                   = 64                                        {product} {ergonomic}
   size_t InitialHeapSize                          = 268435456                                 {product} {ergonomic}
   size_t MarkStackSize                            = 4194304                                   {product} {ergonomic}
   size_t MaxHeapSize                              = 4278190080                                {product} {ergonomic}
   size_t MaxNewSize                               = 2566914048                                {product} {ergonomic}
   size_t MinHeapDeltaBytes                        = 1048576                                   {product} {ergonomic}
    uintx NonNMethodCodeHeapSize                   = 5830732                                {pd product} {ergonomic}
    uintx NonProfiledCodeHeapSize                  = 122913754                              {pd product} {ergonomic}
    uintx ProfiledCodeHeapSize                     = 122913754                              {pd product} {ergonomic}
    uintx ReservedCodeCacheSize                    = 251658240                              {pd product} {ergonomic}
     bool SegmentedCodeCache                       = true                                      {product} {ergonomic}
     bool UseCompressedClassPointers               = true                                 {lp64_product} {ergonomic}
     bool UseCompressedOops                        = true                                 {lp64_product} {ergonomic}
     bool UseG1GC                                  = true                                      {product} {ergonomic}
     bool UseLargePagesIndividualAllocation        = false                                  {pd product} {ergonomic}

Logging:
Log output configuration:
 #0: stdout all=warning uptime,level,tags
 #1: stderr all=off uptime,level,tags

Environment Variables:
JAVA_HOME=C:\Program Files\Java\jdk-11.0.8
PATH=C:\Program Files\Common Files\Oracle\Java\javapath;C:\oraclexe\app\oracle\product\11.2.0\server\bin;C:\Windows\system32;C:\Windows;C:\Windows\System32\Wbem;C:\Windows\System32\WindowsPowerShell\v1.0\;C:\Windows\System32\OpenSSH\;C:\Program Files\nodejs\;C:\Program Files\Git\cmd;C:\Users\ggs\AppData\Local\Programs\Python\Python37\Scripts;C:\Users\ggs\AppData\Local\Programs\Python\Python37;;C:\ProgramData\chocolatey\bin;;C:\Program Files (x86)\Intel\Intel(R) Management Engine Components\DAL;C:\Program Files\Intel\Intel(R) Management Engine Components\DAL;C:\Program Files\Docker\Docker\resources\bin;C:\ProgramData\DockerDesktop\version-bin;C:\Users\ggs\AppData\Local\Programs\Python\Python37\Scripts\;C:\Users\ggs\AppData\Local\Programs\Python\Python37\;C:\Users\ggs\AppData\Local\Microsoft\WindowsApps;C:\Users\ggs\AppData\Local\Programs\Microsoft VS Code\bin;C:\Users\ggs\AppData\Roaming\npm;C:\Program Files\Bandizip\;C:\Program Files\Java\jdk-11.0.8\bin;C:\spring\apache-maven-3.6.3\bin;C:\Users\ggs\AppData\Local\Android\Sdk\platform-tools;C:\Program Files\JetBrains\IntelliJ IDEA Community Edition 2020.2.2\bin;;
USERNAME=ggs
OS=Windows_NT
PROCESSOR_IDENTIFIER=Intel64 Family 6 Model 158 Stepping 10, GenuineIntel



---------------  S Y S T E M  ---------------

OS: Windows 10 , 64 bit Build 18362 (10.0.18362.1110)
HyperV virtualization detected

CPU:total 6 (initial active 6) (6 cores per cpu, 1 threads per core) family 6 model 158 stepping 10, cmov, cx8, fxsr, mmx, sse, sse2, sse3, ssse3, sse4.1, sse4.2, popcnt, avx, avx2, aes, clmul, erms, 3dnowpref, lzcnt, tsc, tscinvbit, bmi1, bmi2, adx, fma

Memory: 4k page, system-wide physical 16317M (7496M free)
TotalPageFile size 18749M (AvailPageFile size 7165M)
current process WorkingSet (physical memory assigned to process): 291M, peak: 348M
current process commit charge ("private bytes"): 421M, peak: 477M

vm_info: Java HotSpot(TM) 64-Bit Server VM (11.0.8+10-LTS) for windows-amd64 JRE (11.0.8+10-LTS), built on Jun 16 2020 05:53:08 by "mach5one" with unknown MS VC++:1916

END.
